<?xml version="1.0" encoding="UTF-8"?>
<testng-results ignored="0" total="1" passed="1" failed="0" skipped="0">
  <reporter-output>
  </reporter-output>
  <suite started-at="2022-04-04T19:52:24 IST" name="Suite" finished-at="2022-04-04T19:52:25 IST" duration-ms="1383">
    <groups>
    </groups>
    <test started-at="2022-04-04T19:52:24 IST" name="test" finished-at="2022-04-04T19:52:25 IST" duration-ms="1383">
      <class name="testcases.LoginTC2">
        <test-method is-config="true" signature="launchbrowser(java.lang.String,java.lang.String)[pri:0, instance:testcases.LoginTC2@593aaf41]" started-at="2022-04-04T19:52:13 IST" name="launchbrowser" finished-at="2022-04-04T19:52:24 IST" duration-ms="10488" status="PASS">
          <params>
            <param index="0">
              <value>
                <![CDATA[chrome]]>
              </value>
            </param>
            <param index="1">
              <value>
                <![CDATA[login]]>
              </value>
            </param>
          </params>
          <reporter-output>
          </reporter-output>
        </test-method> <!-- launchbrowser -->
        <test-method signature="login()[pri:0, instance:testcases.LoginTC2@593aaf41]" started-at="2022-04-04T19:52:24 IST" name="login" finished-at="2022-04-04T19:52:25 IST" duration-ms="1357" status="PASS">
          <reporter-output>
          </reporter-output>
        </test-method> <!-- login -->
        <test-method is-config="true" signature="teardown()[pri:0, instance:testcases.LoginTC2@593aaf41]" started-at="2022-04-04T19:52:25 IST" name="teardown" finished-at="2022-04-04T19:52:26 IST" duration-ms="601" status="PASS">
          <reporter-output>
          </reporter-output>
        </test-method> <!-- teardown -->
      </class> <!-- testcases.LoginTC2 -->
    </test> <!-- test -->
  </suite> <!-- Suite -->
</testng-results>
